{"/home/lmacedo/Documents/projects/tests/setup-nodejs/src/services/sayHelloWorld.js": {"path":"/home/lmacedo/Documents/projects/tests/setup-nodejs/src/services/sayHelloWorld.js","all":false,"statementMap":{"0":{"start":{"line":1,"column":0},"end":{"line":1,"column":35}},"1":{"start":{"line":2,"column":0},"end":{"line":2,"column":36}},"2":{"start":{"line":3,"column":0},"end":{"line":3,"column":1}},"3":{"start":{"line":4,"column":0},"end":{"line":4,"column":0}},"4":{"start":{"line":5,"column":0},"end":{"line":5,"column":37}},"5":{"start":{"line":6,"column":0},"end":{"line":6,"column":45}},"6":{"start":{"line":7,"column":0},"end":{"line":7,"column":1}}},"s":{"0":1,"1":2,"2":2,"3":1,"4":1,"5":2,"6":2},"branchMap":{"0":{"type":"branch","line":1,"loc":{"start":{"line":1,"column":19},"end":{"line":3,"column":1}},"locations":[{"start":{"line":1,"column":19},"end":{"line":3,"column":1}}]},"1":{"type":"branch","line":2,"loc":{"start":{"line":2,"column":22},"end":{"line":2,"column":34}},"locations":[{"start":{"line":2,"column":22},"end":{"line":2,"column":34}}]},"2":{"type":"branch","line":5,"loc":{"start":{"line":5,"column":21},"end":{"line":7,"column":1}},"locations":[{"start":{"line":5,"column":21},"end":{"line":7,"column":1}}]},"3":{"type":"branch","line":6,"loc":{"start":{"line":6,"column":24},"end":{"line":6,"column":40}},"locations":[{"start":{"line":6,"column":24},"end":{"line":6,"column":40}}]},"4":{"type":"branch","line":6,"loc":{"start":{"line":6,"column":24},"end":{"line":6,"column":43}},"locations":[{"start":{"line":6,"column":24},"end":{"line":6,"column":43}}]}},"b":{"0":[2],"1":[1],"2":[2],"3":[1],"4":[1]},"fnMap":{"0":{"name":"Object.<anonymous>.exports.sayHello","decl":{"start":{"line":1,"column":19},"end":{"line":3,"column":1}},"loc":{"start":{"line":1,"column":19},"end":{"line":3,"column":1}},"line":1},"1":{"name":"Object.<anonymous>.exports.sayGoodBye","decl":{"start":{"line":5,"column":21},"end":{"line":7,"column":1}},"loc":{"start":{"line":5,"column":21},"end":{"line":7,"column":1}},"line":5}},"f":{"0":2,"1":2}}
}
