{"/home/lmacedo/Documents/projects/tests/setup-nodejs/src/services/sayHelloWorld.js": {"path":"/home/lmacedo/Documents/projects/tests/setup-nodejs/src/services/sayHelloWorld.js","all":false,"statementMap":{"0":{"start":{"line":1,"column":0},"end":{"line":1,"column":35}},"1":{"start":{"line":2,"column":0},"end":{"line":2,"column":27}},"2":{"start":{"line":3,"column":0},"end":{"line":3,"column":25}},"3":{"start":{"line":4,"column":0},"end":{"line":4,"column":1}}},"s":{"0":1,"1":1,"2":1,"3":1},"branchMap":{"0":{"type":"branch","line":1,"loc":{"start":{"line":1,"column":19},"end":{"line":4,"column":1}},"locations":[{"start":{"line":1,"column":19},"end":{"line":4,"column":1}}]}},"b":{"0":[1]},"fnMap":{"0":{"name":"Object.<anonymous>.exports.sayHello","decl":{"start":{"line":1,"column":19},"end":{"line":4,"column":1}},"loc":{"start":{"line":1,"column":19},"end":{"line":4,"column":1}},"line":1}},"f":{"0":1}}
}
